<?xml version="1.0" encoding="UTF-8"?>
<testsuite name="SILab2Test" tests="2" skipped="0" failures="0" errors="0" timestamp="2020-06-12T23:24:58" hostname="DESKTOP-ARHQ6BI" time="0.027">
  <properties/>
  <testcase name="EachBranchTest()" classname="SILab2Test" time="0.021"/>
  <testcase name="EachPathTest()" classname="SILab2Test" time="0.005"/>
  <system-out><![CDATA[Initializing the expected paramethars 
Testing is done
]]></system-out>
  <system-err><![CDATA[]]></system-err>
</testsuite>
